app/build/intermediates/manifest_merge_blame_file/debug/processDebugMainManifest/manifest-merger-blame-debug-report.txt
1<?xml version="1.0" encoding="utf-8"?>
2<manifest xmlns:android="http://schemas.android.com/apk/res/android"
3    package="com.tranxortrider.deliveryrider"
4    android:versionCode="1"
5    android:versionName="1.0" >
6
7    <uses-sdk
8        android:minSdkVersion="24"
9        android:targetSdkVersion="35" />
10
11    <!-- Internet permissions -->
12    <uses-permission android:name="android.permission.INTERNET" />
12-->src\main\AndroidManifest.xml:6:5-67
12-->src\main\AndroidManifest.xml:6:22-64
13    <uses-permission android:name="android.permission.ACCESS_NETWORK_STATE" />
13-->src\main\AndroidManifest.xml:7:5-79
13-->src\main\AndroidManifest.xml:7:22-76
14    <!-- Storage permissions -->
15    <uses-permission
15-->src\main\AndroidManifest.xml:9:5-107
16        android:name="android.permission.READ_EXTERNAL_STORAGE"
16-->src\main\AndroidManifest.xml:9:22-77
17        android:maxSdkVersion="28" />
17-->src\main\AndroidManifest.xml:9:78-104
18    <uses-permission
18-->src\main\AndroidManifest.xml:10:5-108
19        android:name="android.permission.WRITE_EXTERNAL_STORAGE"
19-->src\main\AndroidManifest.xml:10:22-78
20        android:maxSdkVersion="28" />
20-->src\main\AndroidManifest.xml:10:79-105
21    <!-- For Android 10+ (API level 29+) -->
22    <uses-permission android:name="android.permission.READ_MEDIA_IMAGES" />
22-->src\main\AndroidManifest.xml:12:5-76
22-->src\main\AndroidManifest.xml:12:22-73
23    <uses-permission android:name="android.permission.READ_MEDIA_VIDEO" />
23-->src\main\AndroidManifest.xml:13:5-75
23-->src\main\AndroidManifest.xml:13:22-72
24    <uses-permission android:name="android.permission.READ_MEDIA_AUDIO" />
24-->src\main\AndroidManifest.xml:14:5-75
24-->src\main\AndroidManifest.xml:14:22-72
25
26    <!-- Location permissions -->
27    <uses-permission android:name="android.permission.ACCESS_FINE_LOCATION" />
27-->src\main\AndroidManifest.xml:17:5-79
27-->src\main\AndroidManifest.xml:17:22-76
28    <uses-permission android:name="android.permission.ACCESS_COARSE_LOCATION" />
28-->src\main\AndroidManifest.xml:18:5-81
28-->src\main\AndroidManifest.xml:18:22-78
29    <!-- Background location for Android 10+ must be requested separately in code -->
30    <uses-permission android:name="android.permission.ACCESS_BACKGROUND_LOCATION" />
30-->src\main\AndroidManifest.xml:20:5-85
30-->src\main\AndroidManifest.xml:20:22-82
31    <uses-permission android:name="android.permission.FOREGROUND_SERVICE" />
31-->src\main\AndroidManifest.xml:21:5-77
31-->src\main\AndroidManifest.xml:21:22-74
32    <uses-permission android:name="android.permission.FOREGROUND_SERVICE_LOCATION" />
32-->src\main\AndroidManifest.xml:22:5-86
32-->src\main\AndroidManifest.xml:22:22-83
33    <!-- Required for FCM -->
34    <uses-permission android:name="android.permission.WAKE_LOCK" />
34-->src\main\AndroidManifest.xml:24:5-68
34-->src\main\AndroidManifest.xml:24:22-65
35    <uses-permission android:name="android.permission.POST_NOTIFICATIONS" />
35-->src\main\AndroidManifest.xml:25:5-77
35-->src\main\AndroidManifest.xml:25:22-74
36    <uses-permission android:name="android.permission.RECEIVE_BOOT_COMPLETED" />
36-->src\main\AndroidManifest.xml:26:5-81
36-->src\main\AndroidManifest.xml:26:22-78
37    <uses-permission android:name="android.permission.VIBRATE" />
37-->src\main\AndroidManifest.xml:27:5-66
37-->src\main\AndroidManifest.xml:27:22-63
38    <!-- Camera permission for document scanning -->
39    <uses-permission android:name="android.permission.CAMERA" />
39-->src\main\AndroidManifest.xml:29:5-65
39-->src\main\AndroidManifest.xml:29:22-62
40
41    <uses-feature
41-->src\main\AndroidManifest.xml:30:5-84
42        android:name="android.hardware.camera"
42-->src\main\AndroidManifest.xml:30:19-57
43        android:required="true" />
43-->src\main\AndroidManifest.xml:30:58-81
44    <uses-feature
44-->src\main\AndroidManifest.xml:31:5-90
45        android:name="android.hardware.location.gps"
45-->src\main\AndroidManifest.xml:31:19-63
46        android:required="true" />
46-->src\main\AndroidManifest.xml:31:64-87
47
48    <queries>
48-->[androidx.camera:camera-extensions:1.3.2] AndroidManifest.xml:22:5-26:15
49        <intent>
49-->[androidx.camera:camera-extensions:1.3.2] AndroidManifest.xml:23:9-25:18
50            <action android:name="androidx.camera.extensions.action.VENDOR_ACTION" />
50-->[androidx.camera:camera-extensions:1.3.2] AndroidManifest.xml:24:13-86
50-->[androidx.camera:camera-extensions:1.3.2] AndroidManifest.xml:24:21-83
51        </intent>
52    </queries> <!-- Required by older versions of Google Play services to create IID tokens -->
53    <uses-permission android:name="com.google.android.c2dm.permission.RECEIVE" />
53-->[com.google.firebase:firebase-messaging:24.1.1] AndroidManifest.xml:26:5-82
53-->[com.google.firebase:firebase-messaging:24.1.1] AndroidManifest.xml:26:22-79
54    <uses-permission android:name="com.google.android.finsky.permission.BIND_GET_INSTALL_REFERRER_SERVICE" />
54-->[com.google.android.gms:play-services-measurement:22.4.0] AndroidManifest.xml:26:5-110
54-->[com.google.android.gms:play-services-measurement:22.4.0] AndroidManifest.xml:26:22-107
55    <uses-permission android:name="com.google.android.gms.permission.AD_ID" />
55-->[com.google.android.gms:play-services-measurement-api:22.4.0] AndroidManifest.xml:25:5-79
55-->[com.google.android.gms:play-services-measurement-api:22.4.0] AndroidManifest.xml:25:22-76
56    <uses-permission android:name="android.permission.ACCESS_ADSERVICES_ATTRIBUTION" />
56-->[com.google.android.gms:play-services-measurement-api:22.4.0] AndroidManifest.xml:26:5-88
56-->[com.google.android.gms:play-services-measurement-api:22.4.0] AndroidManifest.xml:26:22-85
57    <uses-permission android:name="android.permission.ACCESS_ADSERVICES_AD_ID" />
57-->[com.google.android.gms:play-services-measurement-api:22.4.0] AndroidManifest.xml:27:5-82
57-->[com.google.android.gms:play-services-measurement-api:22.4.0] AndroidManifest.xml:27:22-79
58    <uses-permission android:name="com.google.android.providers.gsf.permission.READ_GSERVICES" />
58-->[com.google.android.recaptcha:recaptcha:18.6.1] AndroidManifest.xml:9:5-98
58-->[com.google.android.recaptcha:recaptcha:18.6.1] AndroidManifest.xml:9:22-95
59
60    <permission
60-->[androidx.core:core:1.15.0] AndroidManifest.xml:22:5-24:47
61        android:name="com.tranxortrider.deliveryrider.DYNAMIC_RECEIVER_NOT_EXPORTED_PERMISSION"
61-->[androidx.core:core:1.15.0] AndroidManifest.xml:23:9-81
62        android:protectionLevel="signature" />
62-->[androidx.core:core:1.15.0] AndroidManifest.xml:24:9-44
63
64    <uses-permission android:name="com.tranxortrider.deliveryrider.DYNAMIC_RECEIVER_NOT_EXPORTED_PERMISSION" />
64-->[androidx.core:core:1.15.0] AndroidManifest.xml:26:5-97
64-->[androidx.core:core:1.15.0] AndroidManifest.xml:26:22-94
65
66    <supports-screens
66-->[org.osmdroid:osmdroid-android:6.1.16] AndroidManifest.xml:9:5-12:40
67        android:anyDensity="true"
67-->[org.osmdroid:osmdroid-android:6.1.16] AndroidManifest.xml:10:9-34
68        android:largeScreens="true"
68-->[org.osmdroid:osmdroid-android:6.1.16] AndroidManifest.xml:11:9-36
69        android:normalScreens="true" />
69-->[org.osmdroid:osmdroid-android:6.1.16] AndroidManifest.xml:12:9-37
70
71    <uses-feature
71-->[org.osmdroid:osmdroid-android:6.1.16] AndroidManifest.xml:14:5-16:36
72        android:name="android.hardware.location.network"
72-->[org.osmdroid:osmdroid-android:6.1.16] AndroidManifest.xml:15:9-57
73        android:required="false" />
73-->[org.osmdroid:osmdroid-android:6.1.16] AndroidManifest.xml:16:9-33
74    <uses-feature
74-->[org.osmdroid:osmdroid-android:6.1.16] AndroidManifest.xml:20:5-22:36
75        android:name="android.hardware.telephony"
75-->[org.osmdroid:osmdroid-android:6.1.16] AndroidManifest.xml:21:9-50
76        android:required="false" />
76-->[org.osmdroid:osmdroid-android:6.1.16] AndroidManifest.xml:22:9-33
77    <uses-feature
77-->[org.osmdroid:osmdroid-android:6.1.16] AndroidManifest.xml:23:5-25:36
78        android:name="android.hardware.wifi"
78-->[org.osmdroid:osmdroid-android:6.1.16] AndroidManifest.xml:24:9-45
79        android:required="false" />
79-->[org.osmdroid:osmdroid-android:6.1.16] AndroidManifest.xml:25:9-33
80
81    <application
81-->src\main\AndroidManifest.xml:32:5-215:19
82        android:name="com.tranxortrider.deliveryrider.TranxortRiderApplication"
82-->src\main\AndroidManifest.xml:33:9-49
83        android:allowBackup="true"
83-->src\main\AndroidManifest.xml:34:9-35
84        android:appComponentFactory="androidx.core.app.CoreComponentFactory"
84-->[androidx.core:core:1.15.0] AndroidManifest.xml:28:18-86
85        android:dataExtractionRules="@xml/data_extraction_rules"
85-->src\main\AndroidManifest.xml:35:9-65
86        android:debuggable="true"
87        android:extractNativeLibs="false"
88        android:fullBackupContent="@xml/backup_rules"
88-->src\main\AndroidManifest.xml:36:9-54
89        android:icon="@mipmap/ic_launcher"
89-->src\main\AndroidManifest.xml:37:9-43
90        android:label="@string/app_name"
90-->src\main\AndroidManifest.xml:38:9-41
91        android:roundIcon="@mipmap/ic_launcher_round"
91-->src\main\AndroidManifest.xml:39:9-54
92        android:supportsRtl="true"
92-->src\main\AndroidManifest.xml:40:9-35
93        android:testOnly="true"
94        android:theme="@style/Theme.TranxortRider"
94-->src\main\AndroidManifest.xml:41:9-51
95        android:usesCleartextTraffic="true" >
95-->src\main\AndroidManifest.xml:42:9-44
96        <activity
96-->src\main\AndroidManifest.xml:44:9-47:52
97            android:name="com.tranxortrider.deliveryrider.NavigationActivity"
97-->src\main\AndroidManifest.xml:45:13-47
98            android:exported="false"
98-->src\main\AndroidManifest.xml:46:13-37
99            android:screenOrientation="portrait" />
99-->src\main\AndroidManifest.xml:47:13-49
100        <activity
100-->src\main\AndroidManifest.xml:48:9-51:58
101            android:name="com.tranxortrider.deliveryrider.pending_orders"
101-->src\main\AndroidManifest.xml:49:13-43
102            android:exported="false"
102-->src\main\AndroidManifest.xml:50:13-37
103            android:windowSoftInputMode="adjustResize" />
103-->src\main\AndroidManifest.xml:51:13-55
104        <activity
104-->src\main\AndroidManifest.xml:52:9-55:58
105            android:name="com.tranxortrider.deliveryrider.failed_orders"
105-->src\main\AndroidManifest.xml:53:13-42
106            android:exported="false"
106-->src\main\AndroidManifest.xml:54:13-37
107            android:windowSoftInputMode="adjustResize" />
107-->src\main\AndroidManifest.xml:55:13-55
108        <activity
108-->src\main\AndroidManifest.xml:56:9-59:58
109            android:name="com.tranxortrider.deliveryrider.completed_orders"
109-->src\main\AndroidManifest.xml:57:13-45
110            android:exported="false"
110-->src\main\AndroidManifest.xml:58:13-37
111            android:windowSoftInputMode="adjustResize" />
111-->src\main\AndroidManifest.xml:59:13-55
112        <activity
112-->src\main\AndroidManifest.xml:60:9-62:40
113            android:name="com.tranxortrider.deliveryrider.scanner"
113-->src\main\AndroidManifest.xml:61:13-36
114            android:exported="false" />
114-->src\main\AndroidManifest.xml:62:13-37
115        <activity
115-->src\main\AndroidManifest.xml:63:9-65:40
116            android:name="com.tranxortrider.deliveryrider.settings"
116-->src\main\AndroidManifest.xml:64:13-37
117            android:exported="false" />
117-->src\main\AndroidManifest.xml:65:13-37
118        <activity
118-->src\main\AndroidManifest.xml:66:9-68:40
119            android:name="com.tranxortrider.deliveryrider.search"
119-->src\main\AndroidManifest.xml:67:13-35
120            android:exported="false" />
120-->src\main\AndroidManifest.xml:68:13-37
121        <activity
121-->src\main\AndroidManifest.xml:69:9-71:40
122            android:name="com.tranxortrider.deliveryrider.order_details"
122-->src\main\AndroidManifest.xml:70:13-42
123            android:exported="false" />
123-->src\main\AndroidManifest.xml:71:13-37
124        <activity
124-->src\main\AndroidManifest.xml:72:9-74:40
125            android:name="com.tranxortrider.deliveryrider.notifications"
125-->src\main\AndroidManifest.xml:73:13-42
126            android:exported="false" />
126-->src\main\AndroidManifest.xml:74:13-37
127        <activity
127-->src\main\AndroidManifest.xml:75:9-77:40
128            android:name="com.tranxortrider.deliveryrider.batch"
128-->src\main\AndroidManifest.xml:76:13-34
129            android:exported="false" />
129-->src\main\AndroidManifest.xml:77:13-37
130        <activity
130-->src\main\AndroidManifest.xml:78:9-81:58
131            android:name="com.tranxortrider.deliveryrider.home_screen"
131-->src\main\AndroidManifest.xml:79:13-40
132            android:exported="false"
132-->src\main\AndroidManifest.xml:80:13-37
133            android:windowSoftInputMode="adjustResize" />
133-->src\main\AndroidManifest.xml:81:13-55
134        <activity
134-->src\main\AndroidManifest.xml:82:9-84:40
135            android:name="com.tranxortrider.deliveryrider.home_page"
135-->src\main\AndroidManifest.xml:83:13-38
136            android:exported="false" />
136-->src\main\AndroidManifest.xml:84:13-37
137        <activity
137-->src\main\AndroidManifest.xml:85:9-87:40
138            android:name="com.tranxortrider.deliveryrider.application_verification"
138-->src\main\AndroidManifest.xml:86:13-53
139            android:exported="false" />
139-->src\main\AndroidManifest.xml:87:13-37
140        <activity
140-->src\main\AndroidManifest.xml:88:9-90:40
141            android:name="com.tranxortrider.deliveryrider.registration_successfull"
141-->src\main\AndroidManifest.xml:89:13-53
142            android:exported="false" />
142-->src\main\AndroidManifest.xml:90:13-37
143        <activity
143-->src\main\AndroidManifest.xml:91:9-93:40
144            android:name="com.tranxortrider.deliveryrider.upload_document"
144-->src\main\AndroidManifest.xml:92:13-44
145            android:exported="false" />
145-->src\main\AndroidManifest.xml:93:13-37
146        <activity
146-->src\main\AndroidManifest.xml:94:9-96:40
147            android:name="com.tranxortrider.deliveryrider.setup_profile"
147-->src\main\AndroidManifest.xml:95:13-42
148            android:exported="false" />
148-->src\main\AndroidManifest.xml:96:13-37
149        <activity
149-->src\main\AndroidManifest.xml:97:9-99:40
150            android:name="com.tranxortrider.deliveryrider.sign_up_error"
150-->src\main\AndroidManifest.xml:98:13-42
151            android:exported="false" />
151-->src\main\AndroidManifest.xml:99:13-37
152        <activity
152-->src\main\AndroidManifest.xml:100:9-102:40
153            android:name="com.tranxortrider.deliveryrider.sign_up_screen"
153-->src\main\AndroidManifest.xml:101:13-43
154            android:exported="false" />
154-->src\main\AndroidManifest.xml:102:13-37
155        <activity
155-->src\main\AndroidManifest.xml:103:9-105:40
156            android:name="com.tranxortrider.deliveryrider.create_new_password_error"
156-->src\main\AndroidManifest.xml:104:13-54
157            android:exported="false" />
157-->src\main\AndroidManifest.xml:105:13-37
158        <activity
158-->src\main\AndroidManifest.xml:106:9-108:40
159            android:name="com.tranxortrider.deliveryrider.create_new_password"
159-->src\main\AndroidManifest.xml:107:13-48
160            android:exported="false" />
160-->src\main\AndroidManifest.xml:108:13-37
161        <activity
161-->src\main\AndroidManifest.xml:109:9-111:40
162            android:name="com.tranxortrider.deliveryrider.verification_code_error"
162-->src\main\AndroidManifest.xml:110:13-52
163            android:exported="false" />
163-->src\main\AndroidManifest.xml:111:13-37
164        <activity
164-->src\main\AndroidManifest.xml:112:9-114:40
165            android:name="com.tranxortrider.deliveryrider.verification_code"
165-->src\main\AndroidManifest.xml:113:13-46
166            android:exported="false" />
166-->src\main\AndroidManifest.xml:114:13-37
167        <activity
167-->src\main\AndroidManifest.xml:115:9-117:40
168            android:name="com.tranxortrider.deliveryrider.forgot_password_error1"
168-->src\main\AndroidManifest.xml:116:13-51
169            android:exported="false" />
169-->src\main\AndroidManifest.xml:117:13-37
170        <activity
170-->src\main\AndroidManifest.xml:118:9-125:20
171            android:name="com.tranxortrider.deliveryrider.sign_in_screen"
171-->src\main\AndroidManifest.xml:119:13-43
172            android:exported="true" >
172-->src\main\AndroidManifest.xml:120:13-36
173            <intent-filter>
173-->src\main\AndroidManifest.xml:121:13-124:29
174                <action android:name="android.intent.action.MAIN" />
174-->src\main\AndroidManifest.xml:122:17-69
174-->src\main\AndroidManifest.xml:122:25-66
175
176                <category android:name="android.intent.category.LAUNCHER" />
176-->src\main\AndroidManifest.xml:123:17-77
176-->src\main\AndroidManifest.xml:123:27-74
177            </intent-filter>
178        </activity>
179        <!-- Debug activity kept but not exported - no launcher icon -->
180        <activity
180-->src\main\AndroidManifest.xml:127:9-129:40
181            android:name="com.tranxortrider.deliveryrider.debug.DebugActivity"
181-->src\main\AndroidManifest.xml:128:13-48
182            android:exported="false" />
182-->src\main\AndroidManifest.xml:129:13-37
183        <activity
183-->src\main\AndroidManifest.xml:130:9-132:40
184            android:name="com.tranxortrider.deliveryrider.forgot_password_1"
184-->src\main\AndroidManifest.xml:131:13-46
185            android:exported="false" />
185-->src\main\AndroidManifest.xml:132:13-37
186        <activity
186-->src\main\AndroidManifest.xml:133:9-135:40
187            android:name="com.tranxortrider.deliveryrider.sign_in_error"
187-->src\main\AndroidManifest.xml:134:13-42
188            android:exported="false" />
188-->src\main\AndroidManifest.xml:135:13-37
189        <activity
189-->src\main\AndroidManifest.xml:136:9-138:40
190            android:name="com.tranxortrider.deliveryrider.EmergencySOSActivity"
190-->src\main\AndroidManifest.xml:137:13-49
191            android:exported="false" />
191-->src\main\AndroidManifest.xml:138:13-37
192        <activity
192-->src\main\AndroidManifest.xml:139:9-141:40
193            android:name="com.tranxortrider.deliveryrider.PerformanceActivity"
193-->src\main\AndroidManifest.xml:140:13-48
194            android:exported="false" />
194-->src\main\AndroidManifest.xml:141:13-37
195        <activity
195-->src\main\AndroidManifest.xml:142:9-144:40
196            android:name="com.tranxortrider.deliveryrider.ProfileActivity"
196-->src\main\AndroidManifest.xml:143:13-44
197            android:exported="false" />
197-->src\main\AndroidManifest.xml:144:13-37
198        <activity
198-->src\main\AndroidManifest.xml:145:9-147:40
199            android:name="com.tranxortrider.deliveryrider.SettingsActivity"
199-->src\main\AndroidManifest.xml:146:13-45
200            android:exported="false" />
200-->src\main\AndroidManifest.xml:147:13-37
201        <activity
201-->src\main\AndroidManifest.xml:148:9-150:40
202            android:name="com.tranxortrider.deliveryrider.EarningsActivity"
202-->src\main\AndroidManifest.xml:149:13-45
203            android:exported="false" />
203-->src\main\AndroidManifest.xml:150:13-37
204        <activity
204-->src\main\AndroidManifest.xml:151:9-153:40
205            android:name="com.tranxortrider.deliveryrider.HelpCenterActivity"
205-->src\main\AndroidManifest.xml:152:13-47
206            android:exported="false" />
206-->src\main\AndroidManifest.xml:153:13-37
207        <activity
207-->src\main\AndroidManifest.xml:154:9-156:40
208            android:name="com.tranxortrider.deliveryrider.DeliveryHistoryActivity"
208-->src\main\AndroidManifest.xml:155:13-52
209            android:exported="false" />
209-->src\main\AndroidManifest.xml:156:13-37
210        <activity
210-->src\main\AndroidManifest.xml:157:9-160:58
211            android:name="com.tranxortrider.deliveryrider.activities.RoutesActivity"
211-->src\main\AndroidManifest.xml:158:13-54
212            android:exported="false"
212-->src\main\AndroidManifest.xml:159:13-37
213            android:windowSoftInputMode="adjustResize" />
213-->src\main\AndroidManifest.xml:160:13-55
214
215        <!-- Firebase Messaging Service -->
216        <service
216-->src\main\AndroidManifest.xml:163:9-169:19
217            android:name="com.tranxortrider.deliveryrider.services.PushNotificationService"
217-->src\main\AndroidManifest.xml:164:13-61
218            android:exported="false" >
218-->src\main\AndroidManifest.xml:165:13-37
219            <intent-filter>
219-->src\main\AndroidManifest.xml:166:13-168:29
220                <action android:name="com.google.firebase.MESSAGING_EVENT" />
220-->src\main\AndroidManifest.xml:167:17-78
220-->src\main\AndroidManifest.xml:167:25-75
221            </intent-filter>
222        </service>
223
224        <!-- Background Location Service -->
225        <service
225-->src\main\AndroidManifest.xml:172:9-176:56
226            android:name="com.tranxortrider.deliveryrider.services.LocationService"
226-->src\main\AndroidManifest.xml:173:13-53
227            android:enabled="true"
227-->src\main\AndroidManifest.xml:174:13-35
228            android:exported="false"
228-->src\main\AndroidManifest.xml:175:13-37
229            android:foregroundServiceType="location" />
229-->src\main\AndroidManifest.xml:176:13-53
230
231        <!-- Broadcast Receivers -->
232        <receiver
232-->src\main\AndroidManifest.xml:179:9-186:20
233            android:name="com.tranxortrider.deliveryrider.utils.ConnectivityReceiver"
233-->src\main\AndroidManifest.xml:180:13-55
234            android:enabled="true"
234-->src\main\AndroidManifest.xml:181:13-35
235            android:exported="false" >
235-->src\main\AndroidManifest.xml:182:13-37
236            <intent-filter>
236-->src\main\AndroidManifest.xml:183:13-185:29
237                <action android:name="android.net.conn.CONNECTIVITY_CHANGE" />
237-->src\main\AndroidManifest.xml:184:17-79
237-->src\main\AndroidManifest.xml:184:25-76
238            </intent-filter>
239        </receiver>
240
241        <!-- Geofence Broadcast Receiver -->
242        <receiver
242-->src\main\AndroidManifest.xml:189:9-192:40
243            android:name="com.tranxortrider.deliveryrider.receivers.GeofenceBroadcastReceiver"
243-->src\main\AndroidManifest.xml:190:13-64
244            android:enabled="true"
244-->src\main\AndroidManifest.xml:191:13-35
245            android:exported="false" />
245-->src\main\AndroidManifest.xml:192:13-37
246
247        <!-- Boot Completed Receiver to start services after device restart -->
248        <receiver
248-->src\main\AndroidManifest.xml:195:9-203:20
249            android:name="com.tranxortrider.deliveryrider.utils.BootCompletedReceiver"
249-->src\main\AndroidManifest.xml:196:13-56
250            android:enabled="true"
250-->src\main\AndroidManifest.xml:197:13-35
251            android:exported="false" >
251-->src\main\AndroidManifest.xml:198:13-37
252            <intent-filter>
252-->src\main\AndroidManifest.xml:199:13-202:29
253                <action android:name="android.intent.action.BOOT_COMPLETED" />
253-->src\main\AndroidManifest.xml:200:17-79
253-->src\main\AndroidManifest.xml:200:25-76
254                <action android:name="android.intent.action.QUICKBOOT_POWERON" />
254-->src\main\AndroidManifest.xml:201:17-82
254-->src\main\AndroidManifest.xml:201:25-79
255            </intent-filter>
256        </receiver>
257
258        <!-- Meta-data for Firebase Messaging -->
259        <meta-data
259-->src\main\AndroidManifest.xml:206:9-208:60
260            android:name="com.google.firebase.messaging.default_notification_icon"
260-->src\main\AndroidManifest.xml:207:13-83
261            android:resource="@drawable/ic_notification" />
261-->src\main\AndroidManifest.xml:208:13-57
262        <meta-data
262-->src\main\AndroidManifest.xml:209:9-211:60
263            android:name="com.google.firebase.messaging.default_notification_color"
263-->src\main\AndroidManifest.xml:210:13-84
264            android:resource="@color/notification_color" />
264-->src\main\AndroidManifest.xml:211:13-57
265        <meta-data
265-->src\main\AndroidManifest.xml:212:9-214:47
266            android:name="com.google.firebase.messaging.default_notification_channel_id"
266-->src\main\AndroidManifest.xml:213:13-89
267            android:value="default_channel" />
267-->src\main\AndroidManifest.xml:214:13-44
268
269        <uses-library
269-->[androidx.camera:camera-extensions:1.3.2] AndroidManifest.xml:29:9-31:40
270            android:name="androidx.camera.extensions.impl"
270-->[androidx.camera:camera-extensions:1.3.2] AndroidManifest.xml:30:13-59
271            android:required="false" />
271-->[androidx.camera:camera-extensions:1.3.2] AndroidManifest.xml:31:13-37
272
273        <service
273-->[androidx.camera:camera-camera2:1.3.2] AndroidManifest.xml:24:9-33:19
274            android:name="androidx.camera.core.impl.MetadataHolderService"
274-->[androidx.camera:camera-camera2:1.3.2] AndroidManifest.xml:25:13-75
275            android:enabled="false"
275-->[androidx.camera:camera-camera2:1.3.2] AndroidManifest.xml:26:13-36
276            android:exported="false" >
276-->[androidx.camera:camera-camera2:1.3.2] AndroidManifest.xml:27:13-37
277            <meta-data
277-->[androidx.camera:camera-camera2:1.3.2] AndroidManifest.xml:30:13-32:89
278                android:name="androidx.camera.core.impl.MetadataHolderService.DEFAULT_CONFIG_PROVIDER"
278-->[androidx.camera:camera-camera2:1.3.2] AndroidManifest.xml:31:17-103
279                android:value="androidx.camera.camera2.Camera2Config$DefaultProvider" />
279-->[androidx.camera:camera-camera2:1.3.2] AndroidManifest.xml:32:17-86
280        </service>
281
282        <activity
282-->[com.google.firebase:firebase-auth:23.2.0] AndroidManifest.xml:29:9-46:20
283            android:name="com.google.firebase.auth.internal.GenericIdpActivity"
283-->[com.google.firebase:firebase-auth:23.2.0] AndroidManifest.xml:30:13-80
284            android:excludeFromRecents="true"
284-->[com.google.firebase:firebase-auth:23.2.0] AndroidManifest.xml:31:13-46
285            android:exported="true"
285-->[com.google.firebase:firebase-auth:23.2.0] AndroidManifest.xml:32:13-36
286            android:launchMode="singleTask"
286-->[com.google.firebase:firebase-auth:23.2.0] AndroidManifest.xml:33:13-44
287            android:theme="@android:style/Theme.Translucent.NoTitleBar" >
287-->[com.google.firebase:firebase-auth:23.2.0] AndroidManifest.xml:34:13-72
288            <intent-filter>
288-->[com.google.firebase:firebase-auth:23.2.0] AndroidManifest.xml:35:13-45:29
289                <action android:name="android.intent.action.VIEW" />
289-->[com.google.firebase:firebase-auth:23.2.0] AndroidManifest.xml:36:17-69
289-->[com.google.firebase:firebase-auth:23.2.0] AndroidManifest.xml:36:25-66
290
291                <category android:name="android.intent.category.DEFAULT" />
291-->[com.google.firebase:firebase-auth:23.2.0] AndroidManifest.xml:38:17-76
291-->[com.google.firebase:firebase-auth:23.2.0] AndroidManifest.xml:38:27-73
292                <category android:name="android.intent.category.BROWSABLE" />
292-->[com.google.firebase:firebase-auth:23.2.0] AndroidManifest.xml:39:17-78
292-->[com.google.firebase:firebase-auth:23.2.0] AndroidManifest.xml:39:27-75
293
294                <data
294-->[com.google.firebase:firebase-auth:23.2.0] AndroidManifest.xml:41:17-44:51
295                    android:host="firebase.auth"
295-->[com.google.firebase:firebase-auth:23.2.0] AndroidManifest.xml:42:21-49
296                    android:path="/"
296-->[com.google.firebase:firebase-auth:23.2.0] AndroidManifest.xml:43:21-37
297                    android:scheme="genericidp" />
297-->[com.google.firebase:firebase-auth:23.2.0] AndroidManifest.xml:44:21-48
298            </intent-filter>
299        </activity>
300        <activity
300-->[com.google.firebase:firebase-auth:23.2.0] AndroidManifest.xml:47:9-64:20
301            android:name="com.google.firebase.auth.internal.RecaptchaActivity"
301-->[com.google.firebase:firebase-auth:23.2.0] AndroidManifest.xml:48:13-79
302            android:excludeFromRecents="true"
302-->[com.google.firebase:firebase-auth:23.2.0] AndroidManifest.xml:49:13-46
303            android:exported="true"
303-->[com.google.firebase:firebase-auth:23.2.0] AndroidManifest.xml:50:13-36
304            android:launchMode="singleTask"
304-->[com.google.firebase:firebase-auth:23.2.0] AndroidManifest.xml:51:13-44
305            android:theme="@android:style/Theme.Translucent.NoTitleBar" >
305-->[com.google.firebase:firebase-auth:23.2.0] AndroidManifest.xml:52:13-72
306            <intent-filter>
306-->[com.google.firebase:firebase-auth:23.2.0] AndroidManifest.xml:53:13-63:29
307                <action android:name="android.intent.action.VIEW" />
307-->[com.google.firebase:firebase-auth:23.2.0] AndroidManifest.xml:36:17-69
307-->[com.google.firebase:firebase-auth:23.2.0] AndroidManifest.xml:36:25-66
308
309                <category android:name="android.intent.category.DEFAULT" />
309-->[com.google.firebase:firebase-auth:23.2.0] AndroidManifest.xml:38:17-76
309-->[com.google.firebase:firebase-auth:23.2.0] AndroidManifest.xml:38:27-73
310                <category android:name="android.intent.category.BROWSABLE" />
310-->[com.google.firebase:firebase-auth:23.2.0] AndroidManifest.xml:39:17-78
310-->[com.google.firebase:firebase-auth:23.2.0] AndroidManifest.xml:39:27-75
311
312                <data
312-->[com.google.firebase:firebase-auth:23.2.0] AndroidManifest.xml:41:17-44:51
313                    android:host="firebase.auth"